#
# There is insufficient memory for the Java Runtime Environment to continue.
# Native memory allocation (mmap) failed to map 257949696 bytes for G1 virtual space
# Possible reasons:
#   The system is out of physical RAM or swap space
#   The process is running with CompressedOops enabled, and the Java Heap may be blocking the growth of the native heap
# Possible solutions:
#   Reduce memory load on the system
#   Increase physical memory or swap space
#   Check if swap backing store is full
#   Decrease Java heap size (-Xmx/-Xms)
#   Decrease number of Java threads
#   Decrease Java thread stack sizes (-Xss)
#   Set larger code cache with -XX:ReservedCodeCacheSize=
#   JVM is running with Zero Based Compressed Oops mode in which the Java heap is
#     placed in the first 32GB address space. The Java Heap base address is the
#     maximum limit for the native heap growth. Please use -XX:HeapBaseMinAddress
#     to set the Java Heap base and to place the Java Heap above 32GB virtual address.
# This output file may be truncated or incomplete.
#
#  Out of Memory Error (os_windows.cpp:3747), pid=24920, tid=2024
#
# JRE version:  (17.0.3+7) (build )
# Java VM: OpenJDK 64-Bit Server VM (17.0.3+7-b469.37, mixed mode, sharing, tiered, compressed oops, compressed class ptrs, g1 gc, windows-amd64)
# No core dump will be written. Minidumps are not enabled by default on client versions of Windows
#

---------------  S U M M A R Y ------------

Command Line: git4idea.http.GitAskPassApp Username for 'https://github.com': 

Host: AMD Ryzen 7 5800H with Radeon Graphics         , 16 cores, 15G,  Windows 11 , 64 bit Build 22000 (10.0.22000.1335)
Time: Mon Feb 13 19:21:48 2023 Egypt Standard Time elapsed time: 0.007875 seconds (0d 0h 0m 0s)

---------------  T H R E A D  ---------------

Current thread (0x0000017c322a30e0):  JavaThread "Unknown thread" [_thread_in_vm, id=2024, stack(0x0000004524900000,0x0000004524a00000)]

Stack: [0x0000004524900000,0x0000004524a00000]
Native frames: (J=compiled Java code, j=interpreted, Vv=VM code, C=native code)
V  [jvm.dll+0x681f8a]
V  [jvm.dll+0x83e374]
V  [jvm.dll+0x83fb1e]
V  [jvm.dll+0x840183]
V  [jvm.dll+0x2492a5]
V  [jvm.dll+0x67ee59]
V  [jvm.dll+0x67355a]
V  [jvm.dll+0x308fab]
V  [jvm.dll+0x310466]
V  [jvm.dll+0x3601de]
V  [jvm.dll+0x36040f]
V  [jvm.dll+0x2df098]
V  [jvm.dll+0x2e0004]
V  [jvm.dll+0x80fc61]
V  [jvm.dll+0x36df61]
V  [jvm.dll+0x7ef17c]
V  [jvm.dll+0x3f10ef]
V  [jvm.dll+0x3f2c31]
C  [jli.dll+0x526b]
C  [ucrtbase.dll+0x26c0c]
C  [KERNEL32.DLL+0x155a0]
C  [ntdll.dll+0x485b]


---------------  P R O C E S S  ---------------

Threads class SMR info:
_java_thread_list=0x00007ffec71b6f18, length=0, elements={
}

Java Threads: ( => current thread )

Other Threads:
  0x0000017c3230f140 GCTaskThread "GC Thread#0" [stack: 0x0000004524a00000,0x0000004524b00000] [id=25288]
  0x0000017c3231f6a0 ConcurrentGCThread "G1 Main Marker" [stack: 0x0000004524b00000,0x0000004524c00000] [id=16440]
  0x0000017c32320750 ConcurrentGCThread "G1 Conc#0" [stack: 0x0000004524c00000,0x0000004524d00000] [id=23760]

[error occurred during error reporting (printing all threads), id 0xc0000005, EXCEPTION_ACCESS_VIOLATION (0xc0000005) at pc=0x00007ffec696fc57]

VM state: not at safepoint (not fully initialized)

VM Mutex/Monitor currently owned by a thread:  ([mutex/lock_event])
[0x0000017c3229eaf0] Heap_lock - owner thread: 0x0000017c322a30e0

Heap address: 0x000000070a400000, size: 3932 MB, Compressed Oops mode: Zero based, Oop shift amount: 3

CDS archive(s) mapped at: [0x0000000000000000-0x0000000000000000-0x0000000000000000), size 0, SharedBaseAddress: 0x0000000800000000, ArchiveRelocationMode: 0.
Narrow klass base: 0x0000000000000000, Narrow klass shift: 0, Narrow klass range: 0x0

GC Precious Log:
<Empty>

Heap:
 garbage-first heap   total 0K, used 0K [0x000000070a400000, 0x0000000800000000)
  region size 2048K, 0 young (0K), 0 survivors (0K)

[error occurred during error reporting (printing heap information), id 0xc0000005, EXCEPTION_ACCESS_VIOLATION (0xc0000005) at pc=0x00007ffec6d5bbd9]

GC Heap History (0 events):
No events

Deoptimization events (0 events):
No events

Classes unloaded (0 events):
No events

Classes redefined (0 events):
No events

Internal exceptions (0 events):
No events

VM Operations (0 events):
No events

Events (1 events):
Event: 0.003 Loaded shared library C:\Program Files\JetBrains\WebStorm 2022.2.1\jbr\bin\java.dll


Dynamic libraries:
0x00007ff62fac0000 - 0x00007ff62faca000 	C:\Program Files\JetBrains\WebStorm 2022.2.1\jbr\bin\java.exe
0x00007fff827c0000 - 0x00007fff829c9000 	C:\Windows\SYSTEM32\ntdll.dll
0x00007fff80a00000 - 0x00007fff80abe000 	C:\Windows\System32\KERNEL32.DLL
0x00007fff80010000 - 0x00007fff8038b000 	C:\Windows\System32\KERNELBASE.dll
0x00007fff7fef0000 - 0x00007fff80001000 	C:\Windows\System32\ucrtbase.dll
0x00007fff71e10000 - 0x00007fff71e27000 	C:\Program Files\JetBrains\WebStorm 2022.2.1\jbr\bin\jli.dll
0x00007fff71df0000 - 0x00007fff71e0b000 	C:\Program Files\JetBrains\WebStorm 2022.2.1\jbr\bin\VCRUNTIME140.dll
0x00007fff81ba0000 - 0x00007fff81d4d000 	C:\Windows\System32\USER32.dll
0x00007fff7fc90000 - 0x00007fff7fcb6000 	C:\Windows\System32\win32u.dll
0x00007fff6f4b0000 - 0x00007fff6f755000 	C:\Windows\WinSxS\amd64_microsoft.windows.common-controls_6595b64144ccf1df_6.0.22000.120_none_9d947278b86cc467\COMCTL32.dll
0x00007fff80950000 - 0x00007fff80979000 	C:\Windows\System32\GDI32.dll
0x00007fff80670000 - 0x00007fff80713000 	C:\Windows\System32\msvcrt.dll
0x00007fff80430000 - 0x00007fff80548000 	C:\Windows\System32\gdi32full.dll
0x00007fff80390000 - 0x00007fff8042d000 	C:\Windows\System32\msvcp_win.dll
0x00007fff80910000 - 0x00007fff80942000 	C:\Windows\System32\IMM32.DLL
0x00007fff79d20000 - 0x00007fff79d2c000 	C:\Program Files\JetBrains\WebStorm 2022.2.1\jbr\bin\vcruntime140_1.dll
0x00007fff405d0000 - 0x00007fff4065d000 	C:\Program Files\JetBrains\WebStorm 2022.2.1\jbr\bin\msvcp140.dll
0x00007ffec6680000 - 0x00007ffec72e8000 	C:\Program Files\JetBrains\WebStorm 2022.2.1\jbr\bin\server\jvm.dll
0x00007fff80850000 - 0x00007fff808fe000 	C:\Windows\System32\ADVAPI32.dll
0x00007fff807a0000 - 0x00007fff8083e000 	C:\Windows\System32\sechost.dll
0x00007fff810f0000 - 0x00007fff81210000 	C:\Windows\System32\RPCRT4.dll
0x00007fff82060000 - 0x00007fff82068000 	C:\Windows\System32\PSAPI.DLL
0x00007fff6c0e0000 - 0x00007fff6c0e9000 	C:\Windows\SYSTEM32\WSOCK32.dll
0x00007fff789f0000 - 0x00007fff78a23000 	C:\Windows\SYSTEM32\WINMM.dll
0x00007fff774c0000 - 0x00007fff774ca000 	C:\Windows\SYSTEM32\VERSION.dll
0x00007fff81b30000 - 0x00007fff81b9f000 	C:\Windows\System32\WS2_32.dll
0x00007fff7ed10000 - 0x00007fff7ed28000 	C:\Windows\SYSTEM32\kernel.appcore.dll
0x00007fff7bac0000 - 0x00007fff7baca000 	C:\Program Files\JetBrains\WebStorm 2022.2.1\jbr\bin\jimage.dll
0x00007fff72790000 - 0x00007fff729b1000 	C:\Windows\SYSTEM32\DBGHELP.DLL
0x00007fff69c90000 - 0x00007fff69cc1000 	C:\Windows\SYSTEM32\dbgcore.DLL
0x00007fff805c0000 - 0x00007fff8063f000 	C:\Windows\System32\bcryptPrimitives.dll
0x00007fff6cac0000 - 0x00007fff6cae5000 	C:\Program Files\JetBrains\WebStorm 2022.2.1\jbr\bin\java.dll

dbghelp: loaded successfully - version: 4.0.5 - missing functions: none
symbol engine: initialized successfully - sym options: 0x614 - pdb path: .;C:\Program Files\JetBrains\WebStorm 2022.2.1\jbr\bin;C:\Windows\SYSTEM32;C:\Windows\WinSxS\amd64_microsoft.windows.common-controls_6595b64144ccf1df_6.0.22000.120_none_9d947278b86cc467;C:\Program Files\JetBrains\WebStorm 2022.2.1\jbr\bin\server

VM Arguments:
java_command: git4idea.http.GitAskPassApp Username for 'https://github.com': 
java_class_path (initial): C:/Program Files/JetBrains/WebStorm 2022.2.1/plugins/git4idea/lib/git4idea-rt.jar;C:/Program Files/JetBrains/WebStorm 2022.2.1/lib/externalProcess-rt.jar;C:/Program Files/JetBrains/WebStorm 2022.2.1/lib/app.jar;C:/Program Files/JetBrains/WebStorm 2022.2.1/lib/3rd-party-rt.jar
Launcher Type: SUN_STANDARD

[Global flags]
     intx CICompilerCount                          = 12                                        {product} {ergonomic}
     uint ConcGCThreads                            = 3                                         {product} {ergonomic}
     uint G1ConcRefinementThreads                  = 13                                        {product} {ergonomic}
   size_t G1HeapRegionSize                         = 2097152                                   {product} {ergonomic}
    uintx GCDrainStackTargetSize                   = 64                                        {product} {ergonomic}
   size_t InitialHeapSize                          = 257949696                                 {product} {ergonomic}
   size_t MarkStackSize                            = 4194304                                   {product} {ergonomic}
   size_t MaxHeapSize                              = 4123000832                                {product} {ergonomic}
   size_t MinHeapDeltaBytes                        = 2097152                                   {product} {ergonomic}
   size_t MinHeapSize                              = 8388608                                   {product} {ergonomic}
    uintx NonNMethodCodeHeapSize                   = 7602480                                {pd product} {ergonomic}
    uintx NonProfiledCodeHeapSize                  = 122027880                              {pd product} {ergonomic}
    uintx ProfiledCodeHeapSize                     = 122027880                              {pd product} {ergonomic}
    uintx ReservedCodeCacheSize                    = 251658240                              {pd product} {ergonomic}
     bool SegmentedCodeCache                       = true                                      {product} {ergonomic}
   size_t SoftMaxHeapSize                          = 4123000832                             {manageable} {ergonomic}
     bool UseCompressedClassPointers               = true                           {product lp64_product} {ergonomic}
     bool UseCompressedOops                        = true                           {product lp64_product} {ergonomic}
     bool UseG1GC                                  = true                                      {product} {ergonomic}
     bool UseLargePagesIndividualAllocation        = false                                  {pd product} {ergonomic}

Logging:
Log output configuration:
 #0: stdout all=warning uptime,level,tags
 #1: stderr all=off uptime,level,tags

Environment Variables:
PATH=C:\Program Files\Git\mingw64\libexec\git-core;C:\Program Files\Git\mingw64\libexec\git-core;C:\Program Files\Git\mingw64\bin;C:\Program Files\Git\usr\bin;C:\Users\20100\bin;C:\Windows\system32;C:\Windows;C:\Windows\System32\Wbem;C:\Windows\System32\WindowsPowerShell\v1.0;C:\Windows\System32\OpenSSH;C:\Program Files (x86)\NVIDIA Corporation\PhysX\Common;C:\Program Files\NVIDIA Corporation\NVIDIA NvDLISR;C:\Program Files\Git\cmd;C:\Program Files\dotnet;C:\Program Files\nodejs;C:\Program Files\Azure Data Studio\bin;C:\Program Files\Microsoft SQL Server\120\DTS\Binn;C:\Program Files\Microsoft SQL Server\Client SDK\ODBC\110\Tools\Binn;C:\Program Files (x86)\Microsoft SQL Server\120\Tools\Binn;C:\Program Files\Microsoft SQL Server\120\Tools\Binn;C:\Program Files (x86)\Microsoft SQL Server\120\Tools\Binn\ManagementStudio;C:\Program Files (x86)\Microsoft SQL Server\120\DTS\Binn;C:\Users\20100\AppData\Local\Programs\Python\Python311\Scripts;C:\Users\20100\AppData\Local\Programs\Python\Python311;C:\Users\20100\AppData\Local\Microsoft\WindowsApps;C:\Program Files\JetBrains\WebStorm 2022.2.1\bin;C:\Users\20100\AppData\Roaming\npm;C:\Program Files\heroku\bin;C:\Program Files\Azure Data Studio\bin;C:\Users\20100\AppData\Local\Programs\Microsoft VS Code\bin
USERNAME=20100
DISPLAY=:0.0
LC_ALL=en_US.UTF-8
OS=Windows_NT
PROCESSOR_IDENTIFIER=AMD64 Family 25 Model 80 Stepping 0, AuthenticAMD



---------------  S Y S T E M  ---------------

OS:
 Windows 11 , 64 bit Build 22000 (10.0.22000.1335)
OS uptime: 2 days 4:30 hours

CPU: total 16 (initial active 16) (16 cores per cpu, 2 threads per core) family 25 model 80 stepping 0 microcode 0x0, cx8, cmov, fxsr, ht, mmx, 3dnowpref, sse, sse2, sse3, ssse3, sse4a, sse4.1, sse4.2, popcnt, lzcnt, tsc, tscinvbit, avx, avx2, aes, erms, clmul, bmi1, bmi2, adx, sha, fma, vzeroupper, clflush, clflushopt

Memory: 4k page, system-wide physical 15720M (1234M free)
TotalPageFile size 21339M (AvailPageFile size 198M)
current process WorkingSet (physical memory assigned to process): 10M, peak: 10M
current process commit charge ("private bytes"): 70M, peak: 316M

vm_info: OpenJDK 64-Bit Server VM (17.0.3+7-b469.37) for windows-amd64 JRE (17.0.3+7-b469.37), built on 2022-08-01 by "builduser" with MS VC++ 16.10 / 16.11 (VS2019)

END.
